  test.cpp
D:\HuaweiMoveData\Users\lth23\Desktop\小程序\vs2022\LuckyAnJun\DS_practice\hksystem\Project1\test.cpp(16,2): error C3861: “loadplane”: 找不到标识符
D:\HuaweiMoveData\Users\lth23\Desktop\小程序\vs2022\LuckyAnJun\DS_practice\hksystem\Project1\test.cpp(96,5): error C3861: “deleteplane”: 找不到标识符
  train.cpp
D:\HuaweiMoveData\Users\lth23\Desktop\小程序\vs2022\LuckyAnJun\DS_practice\hksystem\Project1\train.cpp(160,2): error C3861: “saveplane”: 找不到标识符
D:\HuaweiMoveData\Users\lth23\Desktop\小程序\vs2022\LuckyAnJun\DS_practice\hksystem\Project1\train.cpp(204,19): error C2039: "planeId": 不是 "userticket" 的成员
      D:\HuaweiMoveData\Users\lth23\Desktop\小程序\vs2022\LuckyAnJun\DS_practice\hksystem\Project1\plane.h(27,16):
      参见“userticket”的声明
  
D:\HuaweiMoveData\Users\lth23\Desktop\小程序\vs2022\LuckyAnJun\DS_practice\hksystem\Project1\train.cpp(210,88): error C2039: "planeId": 不是 "userticket" 的成员
      D:\HuaweiMoveData\Users\lth23\Desktop\小程序\vs2022\LuckyAnJun\DS_practice\hksystem\Project1\plane.h(27,16):
      参见“userticket”的声明
  
D:\HuaweiMoveData\Users\lth23\Desktop\小程序\vs2022\LuckyAnJun\DS_practice\hksystem\Project1\train.cpp(210,11): warning C4473: “printf”: 没有为格式字符串传递足够的参数
      D:\HuaweiMoveData\Users\lth23\Desktop\小程序\vs2022\LuckyAnJun\DS_practice\hksystem\Project1\train.cpp(210,11):
      占位符和其参数预计 1 可变参数，但提供的却是 0 参数
      D:\HuaweiMoveData\Users\lth23\Desktop\小程序\vs2022\LuckyAnJun\DS_practice\hksystem\Project1\train.cpp(210,11):
      缺失的可变参数 1 为格式字符串“%s”所需
  
D:\HuaweiMoveData\Users\lth23\Desktop\小程序\vs2022\LuckyAnJun\DS_practice\hksystem\Project1\train.cpp(217,2): error C3861: “saveplane”: 找不到标识符
D:\HuaweiMoveData\Users\lth23\Desktop\小程序\vs2022\LuckyAnJun\DS_practice\hksystem\Project1\train.cpp(242,65): error C2039: "planeId": 不是 "userticket" 的成员
      D:\HuaweiMoveData\Users\lth23\Desktop\小程序\vs2022\LuckyAnJun\DS_practice\hksystem\Project1\plane.h(27,16):
      参见“userticket”的声明
  
D:\HuaweiMoveData\Users\lth23\Desktop\小程序\vs2022\LuckyAnJun\DS_practice\hksystem\Project1\train.cpp(242,38): error C2660: “strcmp”: 函数不接受 1 个参数
      C:\Program Files (x86)\Windows Kits\10\Include\10.0.22621.0\ucrt\string.h(100,13):
      参见“strcmp”的声明
      D:\HuaweiMoveData\Users\lth23\Desktop\小程序\vs2022\LuckyAnJun\DS_practice\hksystem\Project1\train.cpp(242,38):
      尝试匹配参数列表“(char [7])”时
  
D:\HuaweiMoveData\Users\lth23\Desktop\小程序\vs2022\LuckyAnJun\DS_practice\hksystem\Project1\train.cpp(247,45): error C2039: "planeId": 不是 "userticket" 的成员
      D:\HuaweiMoveData\Users\lth23\Desktop\小程序\vs2022\LuckyAnJun\DS_practice\hksystem\Project1\plane.h(27,16):
      参见“userticket”的声明
  
D:\HuaweiMoveData\Users\lth23\Desktop\小程序\vs2022\LuckyAnJun\DS_practice\hksystem\Project1\train.cpp(247,11): warning C4473: “printf”: 没有为格式字符串传递足够的参数
      D:\HuaweiMoveData\Users\lth23\Desktop\小程序\vs2022\LuckyAnJun\DS_practice\hksystem\Project1\train.cpp(247,11):
      占位符和其参数预计 1 可变参数，但提供的却是 0 参数
      D:\HuaweiMoveData\Users\lth23\Desktop\小程序\vs2022\LuckyAnJun\DS_practice\hksystem\Project1\train.cpp(247,11):
      缺失的可变参数 1 为格式字符串“%s”所需
  
D:\HuaweiMoveData\Users\lth23\Desktop\小程序\vs2022\LuckyAnJun\DS_practice\hksystem\Project1\train.cpp(262,95): error C2039: "planeId": 不是 "userticket" 的成员
      D:\HuaweiMoveData\Users\lth23\Desktop\小程序\vs2022\LuckyAnJun\DS_practice\hksystem\Project1\plane.h(27,16):
      参见“userticket”的声明
  
D:\HuaweiMoveData\Users\lth23\Desktop\小程序\vs2022\LuckyAnJun\DS_practice\hksystem\Project1\train.cpp(262,68): error C2660: “strcmp”: 函数不接受 1 个参数
      C:\Program Files (x86)\Windows Kits\10\Include\10.0.22621.0\ucrt\string.h(100,13):
      参见“strcmp”的声明
      D:\HuaweiMoveData\Users\lth23\Desktop\小程序\vs2022\LuckyAnJun\DS_practice\hksystem\Project1\train.cpp(262,68):
      尝试匹配参数列表“(char [7])”时
  
D:\HuaweiMoveData\Users\lth23\Desktop\小程序\vs2022\LuckyAnJun\DS_practice\hksystem\Project1\train.cpp(288,4): error C3861: “saveplane”: 找不到标识符
D:\HuaweiMoveData\Users\lth23\Desktop\小程序\vs2022\LuckyAnJun\DS_practice\hksystem\Project1\train.cpp(417,27): error C2039: "planeId": 不是 "userticket" 的成员
      D:\HuaweiMoveData\Users\lth23\Desktop\小程序\vs2022\LuckyAnJun\DS_practice\hksystem\Project1\plane.h(27,16):
      参见“userticket”的声明
  
D:\HuaweiMoveData\Users\lth23\Desktop\小程序\vs2022\LuckyAnJun\DS_practice\hksystem\Project1\train.cpp(417,12): warning C4473: “printf”: 没有为格式字符串传递足够的参数
      D:\HuaweiMoveData\Users\lth23\Desktop\小程序\vs2022\LuckyAnJun\DS_practice\hksystem\Project1\train.cpp(417,12):
      占位符和其参数预计 1 可变参数，但提供的却是 0 参数
      D:\HuaweiMoveData\Users\lth23\Desktop\小程序\vs2022\LuckyAnJun\DS_practice\hksystem\Project1\train.cpp(417,12):
      缺失的可变参数 1 为格式字符串“%7s”所需
  
D:\HuaweiMoveData\Users\lth23\Desktop\小程序\vs2022\LuckyAnJun\DS_practice\hksystem\Project1\train.cpp(448,26): error C2039: "planeId": 不是 "userticket" 的成员
      D:\HuaweiMoveData\Users\lth23\Desktop\小程序\vs2022\LuckyAnJun\DS_practice\hksystem\Project1\plane.h(27,16):
      参见“userticket”的声明
  
D:\HuaweiMoveData\Users\lth23\Desktop\小程序\vs2022\LuckyAnJun\DS_practice\hksystem\Project1\train.cpp(448,11): warning C4473: “printf”: 没有为格式字符串传递足够的参数
      D:\HuaweiMoveData\Users\lth23\Desktop\小程序\vs2022\LuckyAnJun\DS_practice\hksystem\Project1\train.cpp(448,11):
      占位符和其参数预计 1 可变参数，但提供的却是 0 参数
      D:\HuaweiMoveData\Users\lth23\Desktop\小程序\vs2022\LuckyAnJun\DS_practice\hksystem\Project1\train.cpp(448,11):
      缺失的可变参数 1 为格式字符串“%6s”所需
  
D:\HuaweiMoveData\Users\lth23\Desktop\小程序\vs2022\LuckyAnJun\DS_practice\hksystem\Project1\train.cpp(565,5): error C3861: “saveplane”: 找不到标识符
D:\HuaweiMoveData\Users\lth23\Desktop\小程序\vs2022\LuckyAnJun\DS_practice\hksystem\Project1\train.cpp(707,87): error C2039: "planeId": 不是 "userticket" 的成员
      D:\HuaweiMoveData\Users\lth23\Desktop\小程序\vs2022\LuckyAnJun\DS_practice\hksystem\Project1\plane.h(27,16):
      参见“userticket”的声明
  
D:\HuaweiMoveData\Users\lth23\Desktop\小程序\vs2022\LuckyAnJun\DS_practice\hksystem\Project1\train.cpp(707,15): warning C4477: “fscanf”: 格式字符串“%s”需要类型“char *”的参数，但可变参数 4 拥有了类型“int *”
D:\HuaweiMoveData\Users\lth23\Desktop\小程序\vs2022\LuckyAnJun\DS_practice\hksystem\Project1\train.cpp(707,15): warning C4473: “fscanf”: 没有为格式字符串传递足够的参数
      D:\HuaweiMoveData\Users\lth23\Desktop\小程序\vs2022\LuckyAnJun\DS_practice\hksystem\Project1\train.cpp(707,15):
      占位符和其参数预计 6 可变参数，但提供的却是 5 参数
      D:\HuaweiMoveData\Users\lth23\Desktop\小程序\vs2022\LuckyAnJun\DS_practice\hksystem\Project1\train.cpp(707,15):
      缺失的可变参数 6 为格式字符串“%d”所需
  
D:\HuaweiMoveData\Users\lth23\Desktop\小程序\vs2022\LuckyAnJun\DS_practice\hksystem\Project1\train.cpp(772,87): error C2039: "planeId": 不是 "userticket" 的成员
      D:\HuaweiMoveData\Users\lth23\Desktop\小程序\vs2022\LuckyAnJun\DS_practice\hksystem\Project1\plane.h(27,16):
      参见“userticket”的声明
  
D:\HuaweiMoveData\Users\lth23\Desktop\小程序\vs2022\LuckyAnJun\DS_practice\hksystem\Project1\train.cpp(772,16): warning C4477: “sprintf”: 格式字符串“%s”需要类型“char *”的参数，但可变参数 4 拥有了类型“int”
D:\HuaweiMoveData\Users\lth23\Desktop\小程序\vs2022\LuckyAnJun\DS_practice\hksystem\Project1\train.cpp(772,16): warning C4313: "sprintf": 格式字符串中的 "%s" 与类型为 "int" 的参数 4 冲突
D:\HuaweiMoveData\Users\lth23\Desktop\小程序\vs2022\LuckyAnJun\DS_practice\hksystem\Project1\train.cpp(772,16): warning C4473: “sprintf”: 没有为格式字符串传递足够的参数
      D:\HuaweiMoveData\Users\lth23\Desktop\小程序\vs2022\LuckyAnJun\DS_practice\hksystem\Project1\train.cpp(772,16):
      占位符和其参数预计 6 可变参数，但提供的却是 5 参数
      D:\HuaweiMoveData\Users\lth23\Desktop\小程序\vs2022\LuckyAnJun\DS_practice\hksystem\Project1\train.cpp(772,16):
      缺失的可变参数 6 为格式字符串“%d”所需
  
  正在生成代码...
